<?xml version="1.0" encoding="UTF-8"?>
<!-- Generated by org.testng.reporters.JUnitReportReporter -->
<testsuite hostname="DESKTOP-EMUU5D0" failures="0" tests="1" name="demoPackage.TestClass_TNG" time="5.328" errors="0" timestamp="2022-07-20T07:50:03 IST" skipped="0">
  <testcase classname="demoPackage.TestClass_TNG" name="validateLoginFunctionality" time="5.328"/>
  <system-out/>
</testsuite> <!-- demoPackage.TestClass_TNG -->
