<?xml version="1.0" encoding="UTF-8"?>
<!-- Generated by org.testng.reporters.JUnitReportReporter -->
<testsuite hostname="DESKTOP-EMUU5D0" failures="0" tests="4" name="testPack.TestClassA" time="0.044" errors="0" timestamp="2022-07-21T08:02:46 IST" skipped="0">
  <testcase classname="testPack.TestClassA" name="test1" time="0.018"/>
  <system-out/>
  <testcase classname="testPack.TestClassA" name="test2" time="0.004"/>
  <system-out/>
  <testcase classname="testPack.TestClassA" name="test2" time="0.006"/>
  <system-out/>
  <testcase classname="testPack.TestClassA" name="test1" time="0.016"/>
  <system-out/>
</testsuite> <!-- testPack.TestClassA -->
