<?xml version="1.0" encoding="UTF-8"?>
<!-- Generated by org.testng.reporters.JUnitReportReporter -->
<testsuite hostname="DESKTOP-EMUU5D0" failures="0" tests="4" name="testPack.TestClassB" time="0.054" errors="0" timestamp="2022-07-21T08:02:46 IST" skipped="0">
  <testcase classname="testPack.TestClassB" name="test2" time="0.026"/>
  <system-out/>
  <testcase classname="testPack.TestClassB" name="test1" time="0.005"/>
  <system-out/>
  <testcase classname="testPack.TestClassB" name="test2" time="0.004"/>
  <system-out/>
  <testcase classname="testPack.TestClassB" name="test1" time="0.019"/>
  <system-out/>
</testsuite> <!-- testPack.TestClassB -->
